<?xml version="1.0" encoding="UTF-8" ?>

<testsuite failures="0" time="0.006" errors="0" skipped="0" tests="1" name="playTests.SortTest">
  <testcase classname="playTests.SortTest" name="sortTest" time="0.006">
      </testcase>
</testsuite>
