<?xml version="1.0" encoding="UTF-8" ?>

<testsuite failures="0" time="0.007" errors="1" skipped="0" tests="0" name="jExampleTest.SortTest">
  <testcase classname="jExampleTest.SortTest" name="sortTest" time="0.007">
                        <error type="" message="A models.AppExceptions$UsernameAlreadyExistException has been caught, The user &quot;Alpha&quot; already exists! Please choose another name!">
        <![CDATA[
          In /test/jExampleTest/SortTest.java, line 34
          
              		app.createUser("Alpha", "123"); :
          
        ]]>
        </error>
                  <system-err>
            models.AppExceptions$UsernameAlreadyExistException: The user &quot;Alpha&quot; already exists! Please choose another name!
	at models.Authentication.isUsernameUnused(Authentication.java:100)
	at models.Authentication.createNewUser(Authentication.java:86)
	at models.AppCalendar.createUser(AppCalendar.java:43)
	at jExampleTest.SortTest.sortTest(SortTest.java:34)
	at sun.reflect.NativeMethodAccessorImpl.invoke0(Native Method)
	at sun.reflect.NativeMethodAccessorImpl.invoke(NativeMethodAccessorImpl.java:57)
	at sun.reflect.DelegatingMethodAccessorImpl.invoke(DelegatingMethodAccessorImpl.java:43)
	at java.lang.reflect.Method.invoke(Method.java:616)
	at ch.unibe.jexample.internal.util.MethodReference.invoke(MethodReference.java:126)
	at ch.unibe.jexample.internal.Example.bareInvoke(Example.java:115)
	at ch.unibe.jexample.internal.ExampleRunner.runExample(ExampleRunner.java:105)
	at ch.unibe.jexample.internal.ExampleRunner.run(ExampleRunner.java:40)
	at ch.unibe.jexample.internal.Example.run(Example.java:87)
	at ch.unibe.jexample.internal.ExampleGraph.run(ExampleGraph.java:108)
	at ch.unibe.jexample.internal.ExampleClass.run(ExampleClass.java:77)
	at ch.unibe.jexample.JExample.run(JExample.java:52)
	at org.junit.runners.Suite.runChild(Suite.java:128)
	at org.junit.runners.Suite.runChild(Suite.java:24)
	at org.junit.runners.ParentRunner$3.run(ParentRunner.java:193)
	at org.junit.runners.ParentRunner$1.schedule(ParentRunner.java:52)
	at org.junit.runners.ParentRunner.runChildren(ParentRunner.java:191)
	at org.junit.runners.ParentRunner.access$000(ParentRunner.java:42)
	at org.junit.runners.ParentRunner$2.evaluate(ParentRunner.java:184)
	at org.junit.runners.ParentRunner.run(ParentRunner.java:236)
	at org.junit.runner.JUnitCore.run(JUnitCore.java:157)
	at org.junit.runner.JUnitCore.run(JUnitCore.java:136)
	at org.junit.runner.JUnitCore.run(JUnitCore.java:117)
	at play.test.TestEngine.run(TestEngine.java:101)
	at controllers.TestRunner.run(TestRunner.java:67)
	at sun.reflect.NativeMethodAccessorImpl.invoke0(Native Method)
	at sun.reflect.NativeMethodAccessorImpl.invoke(NativeMethodAccessorImpl.java:57)
	at sun.reflect.DelegatingMethodAccessorImpl.invoke(DelegatingMethodAccessorImpl.java:43)
	at java.lang.reflect.Method.invoke(Method.java:616)
	at play.mvc.ActionInvoker.invokeWithContinuation(ActionInvoker.java:546)
	at play.mvc.ActionInvoker.invoke(ActionInvoker.java:500)
	at play.mvc.ActionInvoker.invokeControllerMethod(ActionInvoker.java:476)
	at play.mvc.ActionInvoker.invokeControllerMethod(ActionInvoker.java:471)
	at play.mvc.ActionInvoker.invoke(ActionInvoker.java:159)
	at play.server.PlayHandler$NettyInvocation.execute(PlayHandler.java:220)
	at play.Invoker$Invocation.run(Invoker.java:265)
	at play.server.PlayHandler$NettyInvocation.run(PlayHandler.java:200)
	at java.util.concurrent.Executors$RunnableAdapter.call(Executors.java:471)
	at java.util.concurrent.FutureTask$Sync.innerRun(FutureTask.java:334)
	at java.util.concurrent.FutureTask.run(FutureTask.java:166)
	at java.util.concurrent.ScheduledThreadPoolExecutor$ScheduledFutureTask.access$101(ScheduledThreadPoolExecutor.java:165)
	at java.util.concurrent.ScheduledThreadPoolExecutor$ScheduledFutureTask.run(ScheduledThreadPoolExecutor.java:266)
	at java.util.concurrent.ThreadPoolExecutor.runWorker(ThreadPoolExecutor.java:1110)
	at java.util.concurrent.ThreadPoolExecutor$Worker.run(ThreadPoolExecutor.java:603)
	at java.lang.Thread.run(Thread.java:679)

          </system-err>  
        }
            </testcase>
</testsuite>
