<?xml version="1.0" encoding="UTF-8" ?>

<testsuite failures="0" time="0.011" errors="0" skipped="0" tests="2" name="JUnitTests.SortTest">
  <testcase classname="JUnitTests.SortTest" name="sortCheck" time="0.01">
      </testcase>
  <testcase classname="JUnitTests.SortTest" name="doNothingTest" time="0.001">
      </testcase>
</testsuite>
